Transaction Digest: 3wF3v17KJkgbfnoMmvTs4kFcjMfCvFtGigBzhVPVpRHT
╭──────────────────────────────────────────────────────────────────────────────────────────────────────────────╮
│ Transaction Data                                                                                             │
├──────────────────────────────────────────────────────────────────────────────────────────────────────────────┤
│ Sender: 0xaa48fcc27ae97f7eeeb9c45959174ed0ab8e22233ba366e6e09cf42c919578de                                   │
│ Gas Owner: 0xaa48fcc27ae97f7eeeb9c45959174ed0ab8e22233ba366e6e09cf42c919578de                                │
│ Gas Budget: 100000000 MIST                                                                                   │
│ Gas Price: 1000 MIST                                                                                         │
│ Gas Payment:                                                                                                 │
│  ┌──                                                                                                         │
│  │ ID: 0xa4e7143592c180000c4008b77fc4781a10a83c935d26e981bb4f9396a35abeb3                                    │
│  │ Version: 444928359                                                                                        │
│  │ Digest: 6d1iymrqcvfQbQa9ppWHeK4VsPpVZfiAfEQmikBF5Pj8                                                      │
│  └──                                                                                                         │
│                                                                                                              │
│ Transaction Kind: Programmable                                                                               │
│ ╭──────────────────────────────────────────────────────────────────────────────────────────────────────────╮ │
│ │ Input Objects                                                                                            │ │
│ ├──────────────────────────────────────────────────────────────────────────────────────────────────────────┤ │
│ │ 0   Pure Arg: Type: address, Value: "0xaa48fcc27ae97f7eeeb9c45959174ed0ab8e22233ba366e6e09cf42c919578de" │ │
│ ╰──────────────────────────────────────────────────────────────────────────────────────────────────────────╯ │
│ ╭─────────────────────────────────────────────────────────────────────────╮                                  │
│ │ Commands                                                                │                                  │
│ ├─────────────────────────────────────────────────────────────────────────┤                                  │
│ │ 0  Publish:                                                             │                                  │
│ │  ┌                                                                      │                                  │
│ │  │ Dependencies:                                                        │                                  │
│ │  │   0x0000000000000000000000000000000000000000000000000000000000000001 │                                  │
│ │  │   0x0000000000000000000000000000000000000000000000000000000000000002 │                                  │
│ │  └                                                                      │                                  │
│ │                                                                         │                                  │
│ │ 1  TransferObjects:                                                     │                                  │
│ │  ┌                                                                      │                                  │
│ │  │ Arguments:                                                           │                                  │
│ │  │   Result 0                                                           │                                  │
│ │  │ Address: Input  0                                                    │                                  │
│ │  └                                                                      │                                  │
│ ╰─────────────────────────────────────────────────────────────────────────╯                                  │
│                                                                                                              │
│ Signatures:                                                                                                  │
│    0S2CPMTnRYRGc+5rEn0nbqB06LydaAzSfwfnH8jUHXXXcDCHAubGWIeNcwxpRgyoRegnut3Q4uTkb/xaHc6/Dg==                  │
│                                                                                                              │
╰──────────────────────────────────────────────────────────────────────────────────────────────────────────────╯
╭───────────────────────────────────────────────────────────────────────────────────────────────────╮
│ Transaction Effects                                                                               │
├───────────────────────────────────────────────────────────────────────────────────────────────────┤
│ Digest: 3wF3v17KJkgbfnoMmvTs4kFcjMfCvFtGigBzhVPVpRHT                                              │
│ Status: Success                                                                                   │
│ Executed Epoch: 752                                                                               │
│                                                                                                   │
│ Created Objects:                                                                                  │
│  ┌──                                                                                              │
│  │ ID: 0x178ce7cbd06f907cfd99e8b2dac27b352e032f66dadae77a5aed77df95572e29                         │
│  │ Owner: Shared( 444928360 )                                                                     │
│  │ Version: 444928360                                                                             │
│  │ Digest: 8CtzdRVszJUH8YREPi6NGZMf1mMNZd1iZhmHMTjj38Qp                                           │
│  └──                                                                                              │
│  ┌──                                                                                              │
│  │ ID: 0x2f6c7e2df476e4a0d77acbc008776bdc5bf7015d6dda0cc7fa7948da6040e9fc                         │
│  │ Owner: Account Address ( 0xaa48fcc27ae97f7eeeb9c45959174ed0ab8e22233ba366e6e09cf42c919578de )  │
│  │ Version: 444928360                                                                             │
│  │ Digest: Gk3DsPzPbq2KGPgX3z4uxrKHCELWGHERj5hFsNwozSeE                                           │
│  └──                                                                                              │
│  ┌──                                                                                              │
│  │ ID: 0xf6869ff5c7ed0c8f89a0890c502cfe0446240c1dc8babe275532ecff2c4b2b63                         │
│  │ Owner: Immutable                                                                               │
│  │ Version: 1                                                                                     │
│  │ Digest: 6fAQEtryDbw9DZhENFzHcCeGX4Npz8hmHBAsmzZrooC1                                           │
│  └──                                                                                              │
│ Mutated Objects:                                                                                  │
│  ┌──                                                                                              │
│  │ ID: 0xa4e7143592c180000c4008b77fc4781a10a83c935d26e981bb4f9396a35abeb3                         │
│  │ Owner: Account Address ( 0xaa48fcc27ae97f7eeeb9c45959174ed0ab8e22233ba366e6e09cf42c919578de )  │
│  │ Version: 444928360                                                                             │
│  │ Digest: 7RCcDvkJmLmvshnHGgz8rnKQCweuXDt3p49NzQ2Kh9g9                                           │
│  └──                                                                                              │
│ Gas Object:                                                                                       │
│  ┌──                                                                                              │
│  │ ID: 0xa4e7143592c180000c4008b77fc4781a10a83c935d26e981bb4f9396a35abeb3                         │
│  │ Owner: Account Address ( 0xaa48fcc27ae97f7eeeb9c45959174ed0ab8e22233ba366e6e09cf42c919578de )  │
│  │ Version: 444928360                                                                             │
│  │ Digest: 7RCcDvkJmLmvshnHGgz8rnKQCweuXDt3p49NzQ2Kh9g9                                           │
│  └──                                                                                              │
│ Gas Cost Summary:                                                                                 │
│    Storage Cost: 36084800 MIST                                                                    │
│    Computation Cost: 1000000 MIST                                                                 │
│    Storage Rebate: 978120 MIST                                                                    │
│    Non-refundable Storage Fee: 9880 MIST                                                          │
│                                                                                                   │
│ Transaction Dependencies:                                                                         │
│    6pZ2bpkwLwnCH4qdHS1NcJypXLFUNvSHRKfKXhZvXQuo                                                   │
│    8GxJsh2Z34PMNFNDbAjFgwYvFjfoFmGkKK5F61m9zaPn                                                   │
│    Gcdbmrr9TpfZg64gt5ShsKRhZeNgKxyaCkmMGR1Vq64j                                                   │
╰───────────────────────────────────────────────────────────────────────────────────────────────────╯
╭─────────────────────────────╮
│ No transaction block events │
╰─────────────────────────────╯

╭────────────────────────────────────────────────────────────────────────────────────────────────────────────────╮
│ Object Changes                                                                                                 │
├────────────────────────────────────────────────────────────────────────────────────────────────────────────────┤
│ Created Objects:                                                                                               │
│  ┌──                                                                                                           │
│  │ ObjectID: 0x178ce7cbd06f907cfd99e8b2dac27b352e032f66dadae77a5aed77df95572e29                                │
│  │ Sender: 0xaa48fcc27ae97f7eeeb9c45959174ed0ab8e22233ba366e6e09cf42c919578de                                  │
│  │ Owner: Shared( 444928360 )                                                                                  │
│  │ ObjectType: 0xf6869ff5c7ed0c8f89a0890c502cfe0446240c1dc8babe275532ecff2c4b2b63::job_queue::JobQueueManager  │
│  │ Version: 444928360                                                                                          │
│  │ Digest: 8CtzdRVszJUH8YREPi6NGZMf1mMNZd1iZhmHMTjj38Qp                                                        │
│  └──                                                                                                           │
│  ┌──                                                                                                           │
│  │ ObjectID: 0x2f6c7e2df476e4a0d77acbc008776bdc5bf7015d6dda0cc7fa7948da6040e9fc                                │
│  │ Sender: 0xaa48fcc27ae97f7eeeb9c45959174ed0ab8e22233ba366e6e09cf42c919578de                                  │
│  │ Owner: Account Address ( 0xaa48fcc27ae97f7eeeb9c45959174ed0ab8e22233ba366e6e09cf42c919578de )               │
│  │ ObjectType: 0x2::package::UpgradeCap                                                                        │
│  │ Version: 444928360                                                                                          │
│  │ Digest: Gk3DsPzPbq2KGPgX3z4uxrKHCELWGHERj5hFsNwozSeE                                                        │
│  └──                                                                                                           │
│ Mutated Objects:                                                                                               │
│  ┌──                                                                                                           │
│  │ ObjectID: 0xa4e7143592c180000c4008b77fc4781a10a83c935d26e981bb4f9396a35abeb3                                │
│  │ Sender: 0xaa48fcc27ae97f7eeeb9c45959174ed0ab8e22233ba366e6e09cf42c919578de                                  │
│  │ Owner: Account Address ( 0xaa48fcc27ae97f7eeeb9c45959174ed0ab8e22233ba366e6e09cf42c919578de )               │
│  │ ObjectType: 0x2::coin::Coin<0x2::sui::SUI>                                                                  │
│  │ Version: 444928360                                                                                          │
│  │ Digest: 7RCcDvkJmLmvshnHGgz8rnKQCweuXDt3p49NzQ2Kh9g9                                                        │
│  └──                                                                                                           │
│ Published Objects:                                                                                             │
│  ┌──                                                                                                           │
│  │ PackageID: 0xf6869ff5c7ed0c8f89a0890c502cfe0446240c1dc8babe275532ecff2c4b2b63                               │
│  │ Version: 1                                                                                                  │
│  │ Digest: 6fAQEtryDbw9DZhENFzHcCeGX4Npz8hmHBAsmzZrooC1                                                        │
│  │ Modules: job_queue                                                                                          │
│  └──                                                                                                           │
╰────────────────────────────────────────────────────────────────────────────────────────────────────────────────╯
╭───────────────────────────────────────────────────────────────────────────────────────────────────╮
│ Balance Changes                                                                                   │
├───────────────────────────────────────────────────────────────────────────────────────────────────┤
│  ┌──                                                                                              │
│  │ Owner: Account Address ( 0xaa48fcc27ae97f7eeeb9c45959174ed0ab8e22233ba366e6e09cf42c919578de )  │
│  │ CoinType: 0x2::sui::SUI                                                                        │
│  │ Amount: -36106680                                                                              │
│  └──                                                                                              │
╰───────────────────────────────────────────────────────────────────────────────────────────────────╯
